0 info it worked if it ends with ok
1 verbose cli [ 'C:\\Program Files\\nodejs\\node.exe',
1 verbose cli   'C:\\Program Files\\nodejs\\node_modules\\npm\\bin\\npm-cli.js',
1 verbose cli   'install',
1 verbose cli   'discrod.io',
1 verbose cli   'winston',
1 verbose cli   '--save' ]
2 info using npm@3.10.10
3 info using node@v6.10.2
4 silly loadCurrentTree Starting
5 silly install loadCurrentTree
6 silly install readLocalPackageData
7 silly fetchPackageMetaData discrod.io
8 silly fetchPackageMetaData winston
9 silly fetchNamedPackageData discrod.io
10 silly mapToRegistry name discrod.io
11 silly mapToRegistry using default registry
12 silly mapToRegistry registry https://registry.npmjs.org/
13 silly mapToRegistry data Result {
13 silly mapToRegistry   raw: 'discrod.io',
13 silly mapToRegistry   scope: null,
13 silly mapToRegistry   escapedName: 'discrod.io',
13 silly mapToRegistry   name: 'discrod.io',
13 silly mapToRegistry   rawSpec: '',
13 silly mapToRegistry   spec: 'latest',
13 silly mapToRegistry   type: 'tag' }
14 silly mapToRegistry uri https://registry.npmjs.org/discrod.io
15 silly fetchNamedPackageData winston
16 silly mapToRegistry name winston
17 silly mapToRegistry using default registry
18 silly mapToRegistry registry https://registry.npmjs.org/
19 silly mapToRegistry data Result {
19 silly mapToRegistry   raw: 'winston',
19 silly mapToRegistry   scope: null,
19 silly mapToRegistry   escapedName: 'winston',
19 silly mapToRegistry   name: 'winston',
19 silly mapToRegistry   rawSpec: '',
19 silly mapToRegistry   spec: 'latest',
19 silly mapToRegistry   type: 'tag' }
20 silly mapToRegistry uri https://registry.npmjs.org/winston
21 verbose request uri https://registry.npmjs.org/discrod.io
22 verbose request no auth needed
23 info attempt registry request try #1 at 10:37:36 PM
24 verbose request id 20a268f49d09e946
25 http request GET https://registry.npmjs.org/discrod.io
26 verbose request uri https://registry.npmjs.org/winston
27 verbose request no auth needed
28 info attempt registry request try #1 at 10:37:36 PM
29 verbose etag W/"594702f3-15ea4"
30 verbose lastModified Sun, 18 Jun 2017 22:47:15 GMT
31 http request GET https://registry.npmjs.org/winston
32 http 200 https://registry.npmjs.org/winston
33 verbose headers { server: 'nginx/1.10.3',
33 verbose headers   'content-type': 'application/json',
33 verbose headers   'last-modified': 'Mon, 21 Aug 2017 15:10:56 GMT',
33 verbose headers   etag: 'W/"599af800-15fce"',
33 verbose headers   'content-encoding': 'gzip',
33 verbose headers   'cache-control': 'max-age=300',
33 verbose headers   'content-length': '16572',
33 verbose headers   'accept-ranges': 'bytes',
33 verbose headers   date: 'Wed, 23 Aug 2017 15:37:38 GMT',
33 verbose headers   via: '1.1 varnish',
33 verbose headers   age: '4',
33 verbose headers   connection: 'keep-alive',
33 verbose headers   'x-served-by': 'cache-sin18029-SIN',
33 verbose headers   'x-cache': 'HIT',
33 verbose headers   'x-cache-hits': '1',
33 verbose headers   'x-timer': 'S1503502659.968662,VS0,VE1',
33 verbose headers   vary: 'Accept-Encoding, Accept' }
34 silly get cb [ 200,
34 silly get   { server: 'nginx/1.10.3',
34 silly get     'content-type': 'application/json',
34 silly get     'last-modified': 'Mon, 21 Aug 2017 15:10:56 GMT',
34 silly get     etag: 'W/"599af800-15fce"',
34 silly get     'content-encoding': 'gzip',
34 silly get     'cache-control': 'max-age=300',
34 silly get     'content-length': '16572',
34 silly get     'accept-ranges': 'bytes',
34 silly get     date: 'Wed, 23 Aug 2017 15:37:38 GMT',
34 silly get     via: '1.1 varnish',
34 silly get     age: '4',
34 silly get     connection: 'keep-alive',
34 silly get     'x-served-by': 'cache-sin18029-SIN',
34 silly get     'x-cache': 'HIT',
34 silly get     'x-cache-hits': '1',
34 silly get     'x-timer': 'S1503502659.968662,VS0,VE1',
34 silly get     vary: 'Accept-Encoding, Accept' } ]
35 verbose get saving winston to C:\Users\Baimai\AppData\Roaming\npm-cache\registry.npmjs.org\winston\.cache.json
36 verbose correctMkdir C:\Users\Baimai\AppData\Roaming\npm-cache correctMkdir not in flight; initializing
37 http 404 https://registry.npmjs.org/discrod.io
38 verbose headers { 'content-type': 'application/json',
38 verbose headers   'cache-control': 'max-age=0',
38 verbose headers   'content-length': '2',
38 verbose headers   'accept-ranges': 'bytes',
38 verbose headers   date: 'Wed, 23 Aug 2017 15:37:39 GMT',
38 verbose headers   via: '1.1 varnish',
38 verbose headers   age: '0',
38 verbose headers   connection: 'keep-alive',
38 verbose headers   'x-served-by': 'cache-sin18029-SIN',
38 verbose headers   'x-cache': 'MISS',
38 verbose headers   'x-cache-hits': '0',
38 verbose headers   'x-timer': 'S1503502659.974928,VS0,VE381',
38 verbose headers   vary: 'Accept-Encoding' }
39 silly get cb [ 404,
39 silly get   { 'content-type': 'application/json',
39 silly get     'cache-control': 'max-age=0',
39 silly get     'content-length': '2',
39 silly get     'accept-ranges': 'bytes',
39 silly get     date: 'Wed, 23 Aug 2017 15:37:39 GMT',
39 silly get     via: '1.1 varnish',
39 silly get     age: '0',
39 silly get     connection: 'keep-alive',
39 silly get     'x-served-by': 'cache-sin18029-SIN',
39 silly get     'x-cache': 'MISS',
39 silly get     'x-cache-hits': '0',
39 silly get     'x-timer': 'S1503502659.974928,VS0,VE381',
39 silly get     vary: 'Accept-Encoding' } ]
40 silly fetchPackageMetaData Error: Registry returned 404 for GET on https://registry.npmjs.org/discrod.io
40 silly fetchPackageMetaData     at makeError (C:\Program Files\nodejs\node_modules\npm\node_modules\npm-registry-client\lib\request.js:302:12)
40 silly fetchPackageMetaData     at CachingRegistryClient.<anonymous> (C:\Program Files\nodejs\node_modules\npm\node_modules\npm-registry-client\lib\request.js:280:14)
40 silly fetchPackageMetaData     at Request._callback (C:\Program Files\nodejs\node_modules\npm\node_modules\npm-registry-client\lib\request.js:210:14)
40 silly fetchPackageMetaData     at Request.self.callback (C:\Program Files\nodejs\node_modules\npm\node_modules\request\request.js:187:22)
40 silly fetchPackageMetaData     at emitTwo (events.js:106:13)
40 silly fetchPackageMetaData     at Request.emit (events.js:191:7)
40 silly fetchPackageMetaData     at Request.<anonymous> (C:\Program Files\nodejs\node_modules\npm\node_modules\request\request.js:1048:10)
40 silly fetchPackageMetaData     at emitOne (events.js:96:13)
40 silly fetchPackageMetaData     at Request.emit (events.js:188:7)
40 silly fetchPackageMetaData     at IncomingMessage.<anonymous> (C:\Program Files\nodejs\node_modules\npm\node_modules\request\request.js:969:12)
40 silly fetchPackageMetaData  error for discrod.io { Error: Registry returned 404 for GET on https://registry.npmjs.org/discrod.io
40 silly fetchPackageMetaData     at makeError (C:\Program Files\nodejs\node_modules\npm\node_modules\npm-registry-client\lib\request.js:302:12)
40 silly fetchPackageMetaData     at CachingRegistryClient.<anonymous> (C:\Program Files\nodejs\node_modules\npm\node_modules\npm-registry-client\lib\request.js:280:14)
40 silly fetchPackageMetaData     at Request._callback (C:\Program Files\nodejs\node_modules\npm\node_modules\npm-registry-client\lib\request.js:210:14)
40 silly fetchPackageMetaData     at Request.self.callback (C:\Program Files\nodejs\node_modules\npm\node_modules\request\request.js:187:22)
40 silly fetchPackageMetaData     at emitTwo (events.js:106:13)
40 silly fetchPackageMetaData     at Request.emit (events.js:191:7)
40 silly fetchPackageMetaData     at Request.<anonymous> (C:\Program Files\nodejs\node_modules\npm\node_modules\request\request.js:1048:10)
40 silly fetchPackageMetaData     at emitOne (events.js:96:13)
40 silly fetchPackageMetaData     at Request.emit (events.js:188:7)
40 silly fetchPackageMetaData     at IncomingMessage.<anonymous> (C:\Program Files\nodejs\node_modules\npm\node_modules\request\request.js:969:12) pkgid: 'discrod.io', statusCode: 404, code: 'E404' }
41 silly rollbackFailedOptional Starting
42 silly rollbackFailedOptional Finishing
43 silly runTopLevelLifecycles Finishing
44 silly install printInstalled
45 verbose stack Error: Registry returned 404 for GET on https://registry.npmjs.org/discrod.io
45 verbose stack     at makeError (C:\Program Files\nodejs\node_modules\npm\node_modules\npm-registry-client\lib\request.js:302:12)
45 verbose stack     at CachingRegistryClient.<anonymous> (C:\Program Files\nodejs\node_modules\npm\node_modules\npm-registry-client\lib\request.js:280:14)
45 verbose stack     at Request._callback (C:\Program Files\nodejs\node_modules\npm\node_modules\npm-registry-client\lib\request.js:210:14)
45 verbose stack     at Request.self.callback (C:\Program Files\nodejs\node_modules\npm\node_modules\request\request.js:187:22)
45 verbose stack     at emitTwo (events.js:106:13)
45 verbose stack     at Request.emit (events.js:191:7)
45 verbose stack     at Request.<anonymous> (C:\Program Files\nodejs\node_modules\npm\node_modules\request\request.js:1048:10)
45 verbose stack     at emitOne (events.js:96:13)
45 verbose stack     at Request.emit (events.js:188:7)
45 verbose stack     at IncomingMessage.<anonymous> (C:\Program Files\nodejs\node_modules\npm\node_modules\request\request.js:969:12)
46 verbose statusCode 404
47 verbose pkgid discrod.io
48 verbose cwd C:\Users\Baimai\Desktop\discord-bot
49 error Windows_NT 10.0.14393
50 error argv "C:\\Program Files\\nodejs\\node.exe" "C:\\Program Files\\nodejs\\node_modules\\npm\\bin\\npm-cli.js" "install" "discrod.io" "winston" "--save"
51 error node v6.10.2
52 error npm  v3.10.10
53 error code E404
54 error 404 Registry returned 404 for GET on https://registry.npmjs.org/discrod.io
55 error 404
56 error 404 'discrod.io' is not in the npm registry.
57 error 404 You should bug the author to publish it (or use the name yourself!)
58 error 404 Note that you can also install from a
59 error 404 tarball, folder, http url, or git url.
60 verbose exit [ 1, true ]
